0 silly argv {
0 silly argv   _: [ 'create' ],
0 silly argv   lernaVersion: '3.22.1',
0 silly argv   '$0': '../../.npm-packages/bin/lerna',
0 silly argv   name: 'api'
0 silly argv }
1 notice cli v3.22.1
2 verbose rootPath /home/bug/workspace/fy
3 info versioning independent
4 error Error: canceled
4 error     at Interface.<anonymous> (/home/bug/.npm-packages/lib/node_modules/lerna/node_modules/read/lib/read.js:66:13)
4 error     at Interface.emit (events.js:400:28)
4 error     at Interface._ttyWrite (readline.js:1001:16)
4 error     at ReadStream.onkeypress (readline.js:265:10)
4 error     at ReadStream.emit (events.js:400:28)
4 error     at emitKeys (internal/readline/utils.js:358:14)
4 error     at emitKeys.next (<anonymous>)
4 error     at ReadStream.onData (readline.js:1270:36)
4 error     at ReadStream.emit (events.js:400:28)
4 error     at addChunk (internal/streams/readable.js:293:12)
4 error     at readableAddChunk (internal/streams/readable.js:267:9)
4 error     at ReadStream.Readable.push (internal/streams/readable.js:206:10)
